[ 2017-06-08T14:40:42+08:00 ] 127.0.0.1 /
INFO: [ app_init ] --START--
INFO: Run Behavior\BuildLiteBehavior [ RunTime:0.000012s ]
INFO: [ app_init ] --END-- [ RunTime:0.000366s ]
INFO: [ app_begin ] --START--
INFO: Run Behavior\ReadHtmlCacheBehavior [ RunTime:0.000418s ]
INFO: [ app_begin ] --END-- [ RunTime:0.000456s ]
INFO: [ view_parse ] --START--
INFO: [ template_filter ] --START--
INFO: Run Behavior\ContentReplaceBehavior [ RunTime:0.000088s ]
INFO: [ template_filter ] --END-- [ RunTime:0.000155s ]
INFO: Run Behavior\ParseTemplateBehavior [ RunTime:0.024797s ]
INFO: [ view_parse ] --END-- [ RunTime:0.024855s ]
INFO: [ view_filter ] --START--
INFO: Run Behavior\WriteHtmlCacheBehavior [ RunTime:0.000393s ]
INFO: [ view_filter ] --END-- [ RunTime:0.000437s ]
INFO: [ app_end ] --START--
INFO: Run Behavior\ShowPageTraceBehavior [ RunTime:0.000633s ]
INFO: [ app_end ] --END-- [ RunTime:0.000674s ]

[ 2017-06-08T14:40:43+08:00 ] 127.0.0.1 /Admin/Login/autoCode
INFO: [ app_init ] --START--
INFO: Run Behavior\BuildLiteBehavior [ RunTime:0.000010s ]
INFO: [ app_init ] --END-- [ RunTime:0.000304s ]
INFO: [ app_begin ] --START--
INFO: Run Behavior\ReadHtmlCacheBehavior [ RunTime:0.000705s ]
INFO: [ app_begin ] --END-- [ RunTime:0.000769s ]
INFO: [ app_end ] --START--
INFO: Run Behavior\ShowPageTraceBehavior [ RunTime:0.000549s ]
INFO: [ app_end ] --END-- [ RunTime:0.000610s ]

[ 2017-06-08T14:40:51+08:00 ] 127.0.0.1 /Admin/Login/autoCode/0.0600613462919517
INFO: [ app_init ] --START--
INFO: Run Behavior\BuildLiteBehavior [ RunTime:0.000009s ]
INFO: [ app_init ] --END-- [ RunTime:0.000277s ]
INFO: [ app_begin ] --START--
INFO: Run Behavior\ReadHtmlCacheBehavior [ RunTime:0.000359s ]
INFO: [ app_begin ] --END-- [ RunTime:0.000393s ]
INFO: [ app_end ] --START--
INFO: Run Behavior\ShowPageTraceBehavior [ RunTime:0.000480s ]
INFO: [ app_end ] --END-- [ RunTime:0.000529s ]

[ 2017-06-08T14:40:56+08:00 ] 127.0.0.1 /Admin/Login/Login
INFO: [ app_init ] --START--
INFO: Run Behavior\BuildLiteBehavior [ RunTime:0.000015s ]
INFO: [ app_init ] --END-- [ RunTime:0.000460s ]
INFO: [ app_begin ] --START--
INFO: Run Behavior\ReadHtmlCacheBehavior [ RunTime:0.000596s ]
INFO: [ app_begin ] --END-- [ RunTime:0.000665s ]
SQL: SHOW COLUMNS FROM `it_admin` [ RunTime:0.0222s ]
INFO: [ view_parse ] --START--
INFO: [ template_filter ] --START--
INFO: Run Behavior\ContentReplaceBehavior [ RunTime:0.000050s ]
INFO: [ template_filter ] --END-- [ RunTime:0.000110s ]
INFO: Run Behavior\ParseTemplateBehavior [ RunTime:0.004619s ]
INFO: [ view_parse ] --END-- [ RunTime:0.004675s ]
INFO: [ view_filter ] --START--
INFO: Run Behavior\WriteHtmlCacheBehavior [ RunTime:0.000475s ]
INFO: [ view_filter ] --END-- [ RunTime:0.000526s ]

[ 2017-06-08T14:40:59+08:00 ] 127.0.0.1 /Admin/Login/autoCode
INFO: [ app_init ] --START--
INFO: Run Behavior\BuildLiteBehavior [ RunTime:0.000009s ]
INFO: [ app_init ] --END-- [ RunTime:0.000275s ]
INFO: [ app_begin ] --START--
INFO: Run Behavior\ReadHtmlCacheBehavior [ RunTime:0.000345s ]
INFO: [ app_begin ] --END-- [ RunTime:0.000377s ]
INFO: [ app_end ] --START--
INFO: Run Behavior\ShowPageTraceBehavior [ RunTime:0.000461s ]
INFO: [ app_end ] --END-- [ RunTime:0.000507s ]

[ 2017-06-08T14:41:11+08:00 ] 127.0.0.1 /Admin/Login/Login
INFO: [ app_init ] --START--
INFO: Run Behavior\BuildLiteBehavior [ RunTime:0.000011s ]
INFO: [ app_init ] --END-- [ RunTime:0.000399s ]
INFO: [ app_begin ] --START--
INFO: Run Behavior\ReadHtmlCacheBehavior [ RunTime:0.000361s ]
INFO: [ app_begin ] --END-- [ RunTime:0.000397s ]
SQL: SHOW COLUMNS FROM `it_admin` [ RunTime:0.0137s ]
SQL: SELECT * FROM `it_admin` WHERE ( admin_name='admin' ) LIMIT 1   [ RunTime:0.0005s ]
INFO: [ view_parse ] --START--
INFO: [ template_filter ] --START--
INFO: Run Behavior\ContentReplaceBehavior [ RunTime:0.000032s ]
INFO: [ template_filter ] --END-- [ RunTime:0.000074s ]
INFO: Run Behavior\ParseTemplateBehavior [ RunTime:0.004697s ]
INFO: [ view_parse ] --END-- [ RunTime:0.004747s ]
INFO: [ view_filter ] --START--
INFO: Run Behavior\WriteHtmlCacheBehavior [ RunTime:0.000209s ]
INFO: [ view_filter ] --END-- [ RunTime:0.000236s ]

[ 2017-06-08T14:41:12+08:00 ] 127.0.0.1 /Admin/Index/index.html
INFO: [ app_init ] --START--
INFO: Run Behavior\BuildLiteBehavior [ RunTime:0.000009s ]
INFO: [ app_init ] --END-- [ RunTime:0.000272s ]
INFO: [ app_begin ] --START--
INFO: Run Behavior\ReadHtmlCacheBehavior [ RunTime:0.000342s ]
INFO: [ app_begin ] --END-- [ RunTime:0.000375s ]
INFO: [ view_parse ] --START--
INFO: [ template_filter ] --START--
INFO: Run Behavior\ContentReplaceBehavior [ RunTime:0.000026s ]
INFO: [ template_filter ] --END-- [ RunTime:0.000070s ]
INFO: Run Behavior\ParseTemplateBehavior [ RunTime:0.066452s ]
INFO: [ view_parse ] --END-- [ RunTime:0.066505s ]
INFO: [ view_filter ] --START--
INFO: Run Behavior\WriteHtmlCacheBehavior [ RunTime:0.000272s ]
INFO: [ view_filter ] --END-- [ RunTime:0.000308s ]
INFO: [ app_end ] --START--
INFO: Run Behavior\ShowPageTraceBehavior [ RunTime:0.000584s ]
INFO: [ app_end ] --END-- [ RunTime:0.000632s ]

[ 2017-06-08T14:41:12+08:00 ] 127.0.0.1 /Admin/Index/top.html
INFO: [ app_init ] --START--
INFO: Run Behavior\BuildLiteBehavior [ RunTime:0.000014s ]
INFO: [ app_init ] --END-- [ RunTime:0.000461s ]
INFO: [ app_begin ] --START--
INFO: Run Behavior\ReadHtmlCacheBehavior [ RunTime:0.000514s ]
INFO: [ app_begin ] --END-- [ RunTime:0.000567s ]
INFO: [ view_parse ] --START--
INFO: [ template_filter ] --START--
INFO: Run Behavior\ContentReplaceBehavior [ RunTime:0.000057s ]
INFO: [ template_filter ] --END-- [ RunTime:0.000100s ]
INFO: Run Behavior\ParseTemplateBehavior [ RunTime:0.029865s ]
INFO: [ view_parse ] --END-- [ RunTime:0.029907s ]
INFO: [ view_filter ] --START--
INFO: Run Behavior\WriteHtmlCacheBehavior [ RunTime:0.000200s ]
INFO: [ view_filter ] --END-- [ RunTime:0.000225s ]
INFO: [ app_end ] --START--
INFO: Run Behavior\ShowPageTraceBehavior [ RunTime:0.000359s ]
INFO: [ app_end ] --END-- [ RunTime:0.000385s ]

[ 2017-06-08T14:41:13+08:00 ] 127.0.0.1 /Admin/Index/drag.html
INFO: [ app_init ] --START--
INFO: Run Behavior\BuildLiteBehavior [ RunTime:0.000013s ]
INFO: [ app_init ] --END-- [ RunTime:0.000404s ]
INFO: [ app_begin ] --START--
INFO: Run Behavior\ReadHtmlCacheBehavior [ RunTime:0.000491s ]
INFO: [ app_begin ] --END-- [ RunTime:0.000543s ]
INFO: [ view_parse ] --START--
INFO: [ template_filter ] --START--
INFO: Run Behavior\ContentReplaceBehavior [ RunTime:0.000038s ]
INFO: [ template_filter ] --END-- [ RunTime:0.000117s ]
INFO: Run Behavior\ParseTemplateBehavior [ RunTime:0.005151s ]
INFO: [ view_parse ] --END-- [ RunTime:0.005203s ]
INFO: [ view_filter ] --START--
INFO: Run Behavior\WriteHtmlCacheBehavior [ RunTime:0.000247s ]
INFO: [ view_filter ] --END-- [ RunTime:0.000277s ]
INFO: [ app_end ] --START--
INFO: Run Behavior\ShowPageTraceBehavior [ RunTime:0.000386s ]
INFO: [ app_end ] --END-- [ RunTime:0.000416s ]

[ 2017-06-08T14:41:13+08:00 ] 127.0.0.1 /Admin/Index/main.html
INFO: [ app_init ] --START--
INFO: Run Behavior\BuildLiteBehavior [ RunTime:0.000012s ]
INFO: [ app_init ] --END-- [ RunTime:0.000370s ]
INFO: [ app_begin ] --START--
INFO: Run Behavior\ReadHtmlCacheBehavior [ RunTime:0.000437s ]
INFO: [ app_begin ] --END-- [ RunTime:0.000515s ]
INFO: [ view_parse ] --START--
INFO: [ template_filter ] --START--
INFO: Run Behavior\ContentReplaceBehavior [ RunTime:0.000064s ]
INFO: [ template_filter ] --END-- [ RunTime:0.000117s ]
INFO: Run Behavior\ParseTemplateBehavior [ RunTime:0.016039s ]
INFO: [ view_parse ] --END-- [ RunTime:0.016086s ]
INFO: [ view_filter ] --START--
INFO: Run Behavior\WriteHtmlCacheBehavior [ RunTime:0.000285s ]
INFO: [ view_filter ] --END-- [ RunTime:0.000316s ]
INFO: [ app_end ] --START--
INFO: Run Behavior\ShowPageTraceBehavior [ RunTime:0.000469s ]
INFO: [ app_end ] --END-- [ RunTime:0.000498s ]

[ 2017-06-08T14:41:14+08:00 ] 127.0.0.1 /Admin/Index/left.html
INFO: [ app_init ] --START--
INFO: Run Behavior\BuildLiteBehavior [ RunTime:0.000015s ]
INFO: [ app_init ] --END-- [ RunTime:0.000504s ]
INFO: [ app_begin ] --START--
INFO: Run Behavior\ReadHtmlCacheBehavior [ RunTime:0.000667s ]
INFO: [ app_begin ] --END-- [ RunTime:0.000728s ]
SQL: SHOW COLUMNS FROM `it_admin` [ RunTime:0.0825s ]
SQL: select * from it_privilege where parent_id=0 and is_show=1 [ RunTime:0.0309s ]
SQL: select * from it_privilege where  is_show=1 and parent_id = 3 order by id desc [ RunTime:0.0004s ]
SQL: select * from it_privilege where  is_show=1 and parent_id = 1 order by id desc [ RunTime:0.0003s ]
SQL: select * from it_privilege where  is_show=1 and parent_id = 2 order by id desc [ RunTime:0.0002s ]
INFO: [ view_parse ] --START--
INFO: [ template_filter ] --START--
INFO: Run Behavior\ContentReplaceBehavior [ RunTime:0.000069s ]
INFO: [ template_filter ] --END-- [ RunTime:0.000111s ]
INFO: Run Behavior\ParseTemplateBehavior [ RunTime:0.021406s ]
INFO: [ view_parse ] --END-- [ RunTime:0.021455s ]
INFO: [ view_filter ] --START--
INFO: Run Behavior\WriteHtmlCacheBehavior [ RunTime:0.000362s ]
INFO: [ view_filter ] --END-- [ RunTime:0.000406s ]
INFO: [ app_end ] --START--
INFO: Run Behavior\ShowPageTraceBehavior [ RunTime:0.000614s ]
INFO: [ app_end ] --END-- [ RunTime:0.000667s ]

[ 2017-06-08T14:41:17+08:00 ] 127.0.0.1 /admin/goods/lst.html
INFO: [ app_init ] --START--
INFO: Run Behavior\BuildLiteBehavior [ RunTime:0.000019s ]
INFO: [ app_init ] --END-- [ RunTime:0.000574s ]
INFO: [ app_begin ] --START--
INFO: Run Behavior\ReadHtmlCacheBehavior [ RunTime:0.000569s ]
INFO: [ app_begin ] --END-- [ RunTime:0.000626s ]
SQL: SHOW COLUMNS FROM `it_category` [ RunTime:0.0040s ]
NOTIC: [8] Undefined index: cat_id G:\workstudy\shshop\App\Admin\Controller\GoodsController.class.php 第 150 行.
SQL: SELECT * FROM `it_category`  [ RunTime:0.0003s ]
NOTIC: [8] Undefined index: cat_id G:\workstudy\shshop\App\Admin\Controller\GoodsController.class.php 第 156 行.
SQL: SELECT * FROM `it_category`  [ RunTime:0.0002s ]
SQL: SHOW COLUMNS FROM `it_goods` [ RunTime:0.0047s ]
SQL: SELECT COUNT(*) AS tp_count FROM `it_goods` WHERE ( is_delete=0 ) LIMIT 1   [ RunTime:0.0003s ]
SQL: SELECT * FROM `it_goods` WHERE ( is_delete=0 and cat_id in (17,1,5,4,6,9,2,7,8,10,18,3,13,14,15,0) ) LIMIT 0,10   [ RunTime:0.0006s ]
INFO: [ view_parse ] --START--
INFO: [ template_filter ] --START--
INFO: Run Behavior\ContentReplaceBehavior [ RunTime:0.000131s ]
INFO: [ template_filter ] --END-- [ RunTime:0.000193s ]
INFO: Run Behavior\ParseTemplateBehavior [ RunTime:0.018489s ]
INFO: [ view_parse ] --END-- [ RunTime:0.018545s ]
INFO: [ view_filter ] --START--
INFO: Run Behavior\WriteHtmlCacheBehavior [ RunTime:0.000255s ]
INFO: [ view_filter ] --END-- [ RunTime:0.000284s ]
INFO: [ app_end ] --START--
INFO: Run Behavior\ShowPageTraceBehavior [ RunTime:0.000597s ]
INFO: [ app_end ] --END-- [ RunTime:0.000651s ]

[ 2017-06-08T15:07:25+08:00 ] 127.0.0.1 /admin/goods/change
INFO: [ app_init ] --START--
INFO: Run Behavior\BuildLiteBehavior [ RunTime:0.000012s ]
INFO: [ app_init ] --END-- [ RunTime:0.000365s ]
INFO: [ app_begin ] --START--
INFO: Run Behavior\ReadHtmlCacheBehavior [ RunTime:0.000629s ]
INFO: [ app_begin ] --END-- [ RunTime:0.000683s ]
SQL: SHOW COLUMNS FROM `it_goods` [ RunTime:0.0377s ]
SQL: SELECT * FROM `it_goods` WHERE ( id=2 ) LIMIT 1   [ RunTime:0.0005s ]
SQL: UPDATE `it_goods` SET `goods_name`='中兴B123',`goods_sn`='SN_1495367993592181396E026',`cat_id`='4',`shop_price`='34.00',`market_price`='1234.00',`goods_thumb`='Goods/2017-06-03/thumb_59328acdaf310.jpg',`is_new`='0',`is_hot`='0',`is_best`='1',`is_sale`='1',`is_delete`='0',`goods_type`='0',`goods_desc`='&lt;p&gt;好的商品，不需要解释&lt;/p&gt;',`goods_number`='45',`goods_sales`='100',`add_time`='1495367993',`update_time`='1495367993',`goods_click`='100' WHERE `id` = 2 [ RunTime:0.0005s ]
SQL: SHOW COLUMNS FROM `it_goods_attr` [ RunTime:0.0048s ]
SQL: DELETE FROM `it_goods_attr` WHERE ( goods_id=2 ) [ RunTime:0.0006s ]
NOTIC: [2] Invalid argument supplied for foreach() G:\workstudy\shshop\App\Admin\Model\GoodsModel.class.php 第 122 行.
SQL: SHOW COLUMNS FROM `it_goods_album` [ RunTime:0.0042s ]
NOTIC: [8] Undefined variable: datas G:\workstudy\shshop\App\Admin\Model\GoodsModel.class.php 第 156 行.

[ 2017-06-08T15:07:27+08:00 ] 127.0.0.1 /admin/goods/change
INFO: [ app_init ] --START--
INFO: Run Behavior\BuildLiteBehavior [ RunTime:0.000009s ]
INFO: [ app_init ] --END-- [ RunTime:0.000312s ]
INFO: [ app_begin ] --START--
INFO: Run Behavior\ReadHtmlCacheBehavior [ RunTime:0.000369s ]
INFO: [ app_begin ] --END-- [ RunTime:0.000404s ]
SQL: SHOW COLUMNS FROM `it_goods` [ RunTime:0.0053s ]
SQL: SELECT * FROM `it_goods` WHERE ( id=2 ) LIMIT 1   [ RunTime:0.0003s ]
SQL: UPDATE `it_goods` SET `goods_name`='中兴B123',`goods_sn`='SN_1495367993592181396E026',`cat_id`='4',`shop_price`='34.00',`market_price`='1234.00',`goods_thumb`='Goods/2017-06-03/thumb_59328acdaf310.jpg',`is_new`='1',`is_hot`='0',`is_best`='1',`is_sale`='1',`is_delete`='0',`goods_type`='0',`goods_desc`='&lt;p&gt;好的商品，不需要解释&lt;/p&gt;',`goods_number`='45',`goods_sales`='100',`add_time`='1495367993',`update_time`='1495367993',`goods_click`='100' WHERE `id` = 2 [ RunTime:0.0003s ]
SQL: SHOW COLUMNS FROM `it_goods_attr` [ RunTime:0.0042s ]
SQL: DELETE FROM `it_goods_attr` WHERE ( goods_id=2 ) [ RunTime:0.0002s ]
NOTIC: [2] Invalid argument supplied for foreach() G:\workstudy\shshop\App\Admin\Model\GoodsModel.class.php 第 122 行.
SQL: SHOW COLUMNS FROM `it_goods_album` [ RunTime:0.0036s ]
NOTIC: [8] Undefined variable: datas G:\workstudy\shshop\App\Admin\Model\GoodsModel.class.php 第 156 行.

[ 2017-06-08T15:07:28+08:00 ] 127.0.0.1 /admin/goods/change
INFO: [ app_init ] --START--
INFO: Run Behavior\BuildLiteBehavior [ RunTime:0.000009s ]
INFO: [ app_init ] --END-- [ RunTime:0.000272s ]
INFO: [ app_begin ] --START--
INFO: Run Behavior\ReadHtmlCacheBehavior [ RunTime:0.000334s ]
INFO: [ app_begin ] --END-- [ RunTime:0.000363s ]
SQL: SHOW COLUMNS FROM `it_goods` [ RunTime:0.0052s ]
SQL: SELECT * FROM `it_goods` WHERE ( id=2 ) LIMIT 1   [ RunTime:0.0003s ]
SQL: UPDATE `it_goods` SET `goods_name`='中兴B123',`goods_sn`='SN_1495367993592181396E026',`cat_id`='4',`shop_price`='34.00',`market_price`='1234.00',`goods_thumb`='Goods/2017-06-03/thumb_59328acdaf310.jpg',`is_new`='1',`is_hot`='1',`is_best`='1',`is_sale`='1',`is_delete`='0',`goods_type`='0',`goods_desc`='&lt;p&gt;好的商品，不需要解释&lt;/p&gt;',`goods_number`='45',`goods_sales`='100',`add_time`='1495367993',`update_time`='1495367993',`goods_click`='100' WHERE `id` = 2 [ RunTime:0.0003s ]
SQL: SHOW COLUMNS FROM `it_goods_attr` [ RunTime:0.0041s ]
SQL: DELETE FROM `it_goods_attr` WHERE ( goods_id=2 ) [ RunTime:0.0002s ]
NOTIC: [2] Invalid argument supplied for foreach() G:\workstudy\shshop\App\Admin\Model\GoodsModel.class.php 第 122 行.
SQL: SHOW COLUMNS FROM `it_goods_album` [ RunTime:0.0036s ]
NOTIC: [8] Undefined variable: datas G:\workstudy\shshop\App\Admin\Model\GoodsModel.class.php 第 156 行.

[ 2017-06-08T15:07:30+08:00 ] 127.0.0.1 /admin/goods/change
INFO: [ app_init ] --START--
INFO: Run Behavior\BuildLiteBehavior [ RunTime:0.000009s ]
INFO: [ app_init ] --END-- [ RunTime:0.000270s ]
INFO: [ app_begin ] --START--
INFO: Run Behavior\ReadHtmlCacheBehavior [ RunTime:0.000337s ]
INFO: [ app_begin ] --END-- [ RunTime:0.000367s ]
SQL: SHOW COLUMNS FROM `it_goods` [ RunTime:0.0054s ]
SQL: SELECT * FROM `it_goods` WHERE ( id=1 ) LIMIT 1   [ RunTime:0.0004s ]
SQL: UPDATE `it_goods` SET `goods_name`='华为E234',`goods_sn`='SN_149536721859217E329F5DC',`cat_id`='5',`shop_price`='123.00',`market_price`='3435.00',`goods_thumb`='Goods/2017-06-03/thumb_59328acdaf310.jpg',`is_new`='1',`is_hot`='1',`is_best`='1',`is_sale`='1',`is_delete`='0',`goods_type`='0',`goods_desc`='&lt;p&gt;好的商品，不需要解释&lt;/p&gt;',`goods_number`='23',`goods_sales`='100',`add_time`='1495367218',`update_time`='1495367218',`goods_click`='102' WHERE `id` = 1 [ RunTime:0.0003s ]
SQL: SHOW COLUMNS FROM `it_goods_attr` [ RunTime:0.0042s ]
SQL: DELETE FROM `it_goods_attr` WHERE ( goods_id=1 ) [ RunTime:0.0002s ]
NOTIC: [2] Invalid argument supplied for foreach() G:\workstudy\shshop\App\Admin\Model\GoodsModel.class.php 第 122 行.
SQL: SHOW COLUMNS FROM `it_goods_album` [ RunTime:0.0039s ]
NOTIC: [8] Undefined variable: datas G:\workstudy\shshop\App\Admin\Model\GoodsModel.class.php 第 156 行.

[ 2017-06-08T15:07:34+08:00 ] 127.0.0.1 /admin/order/lst.html
INFO: [ app_init ] --START--
INFO: Run Behavior\BuildLiteBehavior [ RunTime:0.000012s ]
INFO: [ app_init ] --END-- [ RunTime:0.000412s ]
INFO: [ app_begin ] --START--
INFO: Run Behavior\ReadHtmlCacheBehavior [ RunTime:0.000508s ]
INFO: [ app_begin ] --END-- [ RunTime:0.000556s ]
ERR: 无法加载控制器:Order

[ 2017-06-08T22:02:47+08:00 ] 127.0.0.1 /
INFO: [ app_init ] --START--
INFO: Run Behavior\BuildLiteBehavior [ RunTime:0.000009s ]
INFO: [ app_init ] --END-- [ RunTime:0.000272s ]
INFO: [ app_begin ] --START--
INFO: Run Behavior\ReadHtmlCacheBehavior [ RunTime:0.000491s ]
INFO: [ app_begin ] --END-- [ RunTime:0.000536s ]
INFO: [ view_parse ] --START--
INFO: [ template_filter ] --START--
INFO: Run Behavior\ContentReplaceBehavior [ RunTime:0.000063s ]
INFO: [ template_filter ] --END-- [ RunTime:0.000106s ]
INFO: Run Behavior\ParseTemplateBehavior [ RunTime:0.037960s ]
INFO: [ view_parse ] --END-- [ RunTime:0.038009s ]
INFO: [ view_filter ] --START--
INFO: Run Behavior\WriteHtmlCacheBehavior [ RunTime:0.000190s ]
INFO: [ view_filter ] --END-- [ RunTime:0.000217s ]
INFO: [ app_end ] --START--
INFO: Run Behavior\ShowPageTraceBehavior [ RunTime:0.000368s ]
INFO: [ app_end ] --END-- [ RunTime:0.000393s ]

[ 2017-06-08T22:02:48+08:00 ] 127.0.0.1 /Admin/Login/autoCode
INFO: [ app_init ] --START--
INFO: Run Behavior\BuildLiteBehavior [ RunTime:0.000009s ]
INFO: [ app_init ] --END-- [ RunTime:0.000270s ]
INFO: [ app_begin ] --START--
INFO: Run Behavior\ReadHtmlCacheBehavior [ RunTime:0.000334s ]
INFO: [ app_begin ] --END-- [ RunTime:0.000367s ]
INFO: [ app_end ] --START--
INFO: Run Behavior\ShowPageTraceBehavior [ RunTime:0.000701s ]
INFO: [ app_end ] --END-- [ RunTime:0.000782s ]

[ 2017-06-08T23:43:22+08:00 ] 127.0.0.1 /
INFO: [ app_init ] --START--
INFO: Run Behavior\BuildLiteBehavior [ RunTime:0.000019s ]
INFO: [ app_init ] --END-- [ RunTime:0.000771s ]
INFO: [ app_begin ] --START--
INFO: Run Behavior\ReadHtmlCacheBehavior [ RunTime:0.000946s ]
INFO: [ app_begin ] --END-- [ RunTime:0.001031s ]
INFO: [ view_parse ] --START--
INFO: [ template_filter ] --START--
INFO: Run Behavior\ContentReplaceBehavior [ RunTime:0.000089s ]
INFO: [ template_filter ] --END-- [ RunTime:0.000145s ]
INFO: Run Behavior\ParseTemplateBehavior [ RunTime:0.006136s ]
INFO: [ view_parse ] --END-- [ RunTime:0.006193s ]
INFO: [ view_filter ] --START--
INFO: Run Behavior\WriteHtmlCacheBehavior [ RunTime:0.000356s ]
INFO: [ view_filter ] --END-- [ RunTime:0.000394s ]
INFO: [ app_end ] --START--
INFO: Run Behavior\ShowPageTraceBehavior [ RunTime:0.000549s ]
INFO: [ app_end ] --END-- [ RunTime:0.000590s ]

[ 2017-06-08T23:43:23+08:00 ] 127.0.0.1 /Admin/Login/autoCode
INFO: [ app_init ] --START--
INFO: Run Behavior\BuildLiteBehavior [ RunTime:0.000009s ]
INFO: [ app_init ] --END-- [ RunTime:0.000302s ]
INFO: [ app_begin ] --START--
INFO: Run Behavior\ReadHtmlCacheBehavior [ RunTime:0.000403s ]
INFO: [ app_begin ] --END-- [ RunTime:0.000434s ]
INFO: [ app_end ] --START--
INFO: Run Behavior\ShowPageTraceBehavior [ RunTime:0.000479s ]
INFO: [ app_end ] --END-- [ RunTime:0.000523s ]

